[debug] [2022-12-06T02:23:01.634Z] ----------------------------------------------------------------------
[debug] [2022-12-06T02:23:01.636Z] Command:       C:\Program Files\nodejs\node.exe C:\Users\jnaed\AppData\Roaming\npm\node_modules\firebase-tools\lib\bin\firebase.js init
[debug] [2022-12-06T02:23:01.636Z] CLI Version:   11.16.1
[debug] [2022-12-06T02:23:01.636Z] Platform:      win32
[debug] [2022-12-06T02:23:01.636Z] Node Version:  v16.18.0
[debug] [2022-12-06T02:23:01.637Z] Time:          Mon Dec 05 2022 21:23:01 GMT-0500 (Eastern Standard Time)
[debug] [2022-12-06T02:23:01.637Z] ----------------------------------------------------------------------
[debug] 
[debug] [2022-12-06T02:23:01.694Z] > command requires scopes: ["email","openid","https://www.googleapis.com/auth/cloudplatformprojects.readonly","https://www.googleapis.com/auth/firebase","https://www.googleapis.com/auth/cloud-platform"]
[debug] [2022-12-06T02:23:01.695Z] > authorizing via signed-in user (j.naeder324@gmail.com)
[info] 
     ######## #### ########  ######## ########     ###     ######  ########
     ##        ##  ##     ## ##       ##     ##  ##   ##  ##       ##
     ######    ##  ########  ######   ########  #########  ######  ######
     ##        ##  ##    ##  ##       ##     ## ##     ##       ## ##
     ##       #### ##     ## ######## ########  ##     ##  ######  ########

You're about to initialize a Firebase project in this directory:

  C:\Users\jnaed\OneDrive\Documents\GitHub\SuperSaas_Manager_Firebase

Before we get started, keep in mind:

  * You are initializing within an existing Firebase project directory

[info] 
=== Project Setup
[info] 
[info] First, let's associate this project directory with a Firebase project.
[info] You can create multiple project aliases by running firebase use --add, 
[info] but for now we'll just set up a default project.
[info] 
[debug] [2022-12-06T02:23:28.871Z] Using project from CLI flag: sae-supersaas-manager
[debug] [2022-12-06T02:23:28.872Z] >>> [apiv2][query] GET https://firebase.googleapis.com/v1beta1/projects/sae-supersaas-manager [none]
[debug] [2022-12-06T02:23:29.226Z] <<< [apiv2][status] GET https://firebase.googleapis.com/v1beta1/projects/sae-supersaas-manager 200
[debug] [2022-12-06T02:23:29.226Z] <<< [apiv2][body] GET https://firebase.googleapis.com/v1beta1/projects/sae-supersaas-manager {"projectId":"sae-supersaas-manager","projectNumber":"212663505029","displayName":"SAE SuperSaas Manager","name":"projects/sae-supersaas-manager","resources":{"hostingSite":"sae-supersaas-manager","realtimeDatabaseInstance":"sae-supersaas-manager-default-rtdb"},"state":"ACTIVE","etag":"1_077063a0-e2d0-4de8-a13c-d7fbbaaaec04"}
[info] i  Using project sae-supersaas-manager (SAE SuperSaas Manager) 
[info] 
=== Functions Setup
[debug] [2022-12-06T02:23:29.235Z] > command requires scopes: ["email","openid","https://www.googleapis.com/auth/cloudplatformprojects.readonly","https://www.googleapis.com/auth/firebase","https://www.googleapis.com/auth/cloud-platform"]
[debug] [2022-12-06T02:23:29.236Z] > authorizing via signed-in user (j.naeder324@gmail.com)
[debug] [2022-12-06T02:23:29.236Z] [iam] checking project sae-supersaas-manager for permissions ["firebase.projects.get"]
[debug] [2022-12-06T02:23:29.236Z] >>> [apiv2][query] POST https://cloudresourcemanager.googleapis.com/v1/projects/sae-supersaas-manager:testIamPermissions [none]
[debug] [2022-12-06T02:23:29.236Z] >>> [apiv2][(partial)header] POST https://cloudresourcemanager.googleapis.com/v1/projects/sae-supersaas-manager:testIamPermissions x-goog-quota-user=projects/sae-supersaas-manager
[debug] [2022-12-06T02:23:29.236Z] >>> [apiv2][body] POST https://cloudresourcemanager.googleapis.com/v1/projects/sae-supersaas-manager:testIamPermissions {"permissions":["firebase.projects.get"]}
[debug] [2022-12-06T02:23:29.446Z] <<< [apiv2][status] POST https://cloudresourcemanager.googleapis.com/v1/projects/sae-supersaas-manager:testIamPermissions 200
[debug] [2022-12-06T02:23:29.446Z] <<< [apiv2][body] POST https://cloudresourcemanager.googleapis.com/v1/projects/sae-supersaas-manager:testIamPermissions {"permissions":["firebase.projects.get"]}
[debug] [2022-12-06T02:23:29.447Z] >>> [apiv2][query] GET https://serviceusage.googleapis.com/v1/projects/sae-supersaas-manager/services/cloudfunctions.googleapis.com [none]
[debug] [2022-12-06T02:23:29.447Z] >>> [apiv2][(partial)header] GET https://serviceusage.googleapis.com/v1/projects/sae-supersaas-manager/services/cloudfunctions.googleapis.com x-goog-quota-user=projects/sae-supersaas-manager
[debug] [2022-12-06T02:23:29.447Z] >>> [apiv2][query] GET https://serviceusage.googleapis.com/v1/projects/sae-supersaas-manager/services/runtimeconfig.googleapis.com [none]
[debug] [2022-12-06T02:23:29.447Z] >>> [apiv2][(partial)header] GET https://serviceusage.googleapis.com/v1/projects/sae-supersaas-manager/services/runtimeconfig.googleapis.com x-goog-quota-user=projects/sae-supersaas-manager
[debug] [2022-12-06T02:23:29.863Z] <<< [apiv2][status] GET https://serviceusage.googleapis.com/v1/projects/sae-supersaas-manager/services/cloudfunctions.googleapis.com 200
[debug] [2022-12-06T02:23:29.863Z] <<< [apiv2][body] GET https://serviceusage.googleapis.com/v1/projects/sae-supersaas-manager/services/cloudfunctions.googleapis.com [omitted]
[debug] [2022-12-06T02:23:29.922Z] <<< [apiv2][status] GET https://serviceusage.googleapis.com/v1/projects/sae-supersaas-manager/services/runtimeconfig.googleapis.com 200
[debug] [2022-12-06T02:23:29.922Z] <<< [apiv2][body] GET https://serviceusage.googleapis.com/v1/projects/sae-supersaas-manager/services/runtimeconfig.googleapis.com [omitted]
[info] 
Detected existing codebase(s): default

[info] 
Overwriting codebase default...

